{"level":"info","message":"Security monitoring server running on port 3000","timestamp":"2024-12-06T01:22:01.738Z"}
{"level":"info","message":"File add detected","path":"index.js","timestamp":"2024-12-06T01:22:01.804Z"}
{"level":"info","message":"File add detected","path":"package-lock.json","timestamp":"2024-12-06T01:22:01.805Z"}
{"level":"info","message":"File add detected","path":"package.json","timestamp":"2024-12-06T01:22:01.807Z"}
{"level":"info","message":"File add detected","path":"security.db","timestamp":"2024-12-06T01:22:01.809Z"}
{"level":"info","message":"File add detected","path":"security.log","timestamp":"2024-12-06T01:22:01.811Z"}
{"level":"info","message":"File change detected","path":"security.log","timestamp":"2024-12-06T01:22:01.892Z"}
{"level":"info","message":"File change detected","path":"security.db","timestamp":"2024-12-06T01:22:01.893Z"}
{"level":"info","message":"File add detected","path":"src/index.js","timestamp":"2024-12-06T01:22:01.995Z"}
{"level":"info","message":"File change detected","path":"security.log","timestamp":"2024-12-06T01:22:02.094Z"}
{"level":"info","message":"File change detected","path":"security.db","timestamp":"2024-12-06T01:22:02.095Z"}
{"level":"info","message":"File add detected","path":"src/monitors/fileWatcher.js","timestamp":"2024-12-06T01:22:02.466Z"}
{"level":"info","message":"Database initialized successfully","timestamp":"2024-12-06T01:24:45.461Z"}
{"level":"info","message":"Security monitoring server running on port 3000","timestamp":"2024-12-06T01:24:45.507Z"}
{"level":"info","message":"File add detected","path":"index.js","timestamp":"2024-12-06T01:24:45.582Z"}
{"level":"info","message":"File add detected","path":"package-lock.json","timestamp":"2024-12-06T01:24:45.586Z"}
{"level":"info","message":"File add detected","path":"package.json","timestamp":"2024-12-06T01:24:45.587Z"}
{"error":"SQLITE_ERROR: table security_events has no column named severity","event":{"event":"add","path":"index.js","severity":"info","timestamp":"2024-12-06T01:24:45.581Z","type":"file"},"level":"error","message":"Failed to save event","timestamp":"2024-12-06T01:24:45.602Z"}
{"error":"SQLITE_ERROR: table security_events has no column named severity","event":{"event":"add","path":"package-lock.json","severity":"info","timestamp":"2024-12-06T01:24:45.585Z","type":"file"},"level":"error","message":"Failed to save event","timestamp":"2024-12-06T01:24:45.604Z"}
{"error":"SQLITE_ERROR: table security_events has no column named severity","event":{"event":"add","path":"package.json","severity":"info","timestamp":"2024-12-06T01:24:45.587Z","type":"file"},"level":"error","message":"Failed to save event","timestamp":"2024-12-06T01:24:45.604Z"}
{"error":"SQLITE_ERROR: table security_events has no column named severity","event":"add","level":"error","message":"Error handling file event","path":"index.js","timestamp":"2024-12-06T01:24:45.605Z"}
{"error":"SQLITE_ERROR: table security_events has no column named severity","event":"add","level":"error","message":"Error handling file event","path":"package-lock.json","timestamp":"2024-12-06T01:24:45.606Z"}
{"error":"SQLITE_ERROR: table security_events has no column named severity","event":"add","level":"error","message":"Error handling file event","path":"package.json","timestamp":"2024-12-06T01:24:45.607Z"}
{"level":"info","message":"File add detected","path":"src/index.js","timestamp":"2024-12-06T01:24:45.671Z"}
{"error":"SQLITE_ERROR: table security_events has no column named severity","event":{"event":"add","path":"src/index.js","severity":"info","timestamp":"2024-12-06T01:24:45.671Z","type":"file"},"level":"error","message":"Failed to save event","timestamp":"2024-12-06T01:24:45.677Z"}
{"error":"SQLITE_ERROR: table security_events has no column named severity","event":"add","level":"error","message":"Error handling file event","path":"src/index.js","timestamp":"2024-12-06T01:24:45.677Z"}
{"level":"info","message":"File add detected","path":"src/config/constants.js","timestamp":"2024-12-06T01:24:45.718Z"}
{"level":"info","message":"File add detected","path":"src/monitors/fileWatcher.js","timestamp":"2024-12-06T01:24:45.719Z"}
{"level":"info","message":"File add detected","path":"src/public/index.html","timestamp":"2024-12-06T01:24:45.721Z"}
{"level":"info","message":"File add detected","path":"src/routes/api.js","timestamp":"2024-12-06T01:24:45.722Z"}
{"level":"info","message":"File add detected","path":"src/utils/database.js","timestamp":"2024-12-06T01:24:45.724Z"}
{"level":"info","message":"File add detected","path":"src/monitors/httpMonitor.js","timestamp":"2024-12-06T01:24:45.726Z"}
{"level":"info","message":"File add detected","path":"src/utils/logger.js","timestamp":"2024-12-06T01:24:45.727Z"}
{"error":"SQLITE_ERROR: table security_events has no column named severity","event":{"event":"add","path":"src/config/constants.js","severity":"info","timestamp":"2024-12-06T01:24:45.718Z","type":"file"},"level":"error","message":"Failed to save event","timestamp":"2024-12-06T01:24:45.751Z"}
{"error":"SQLITE_ERROR: table security_events has no column named severity","event":{"event":"add","path":"src/monitors/fileWatcher.js","severity":"info","timestamp":"2024-12-06T01:24:45.719Z","type":"file"},"level":"error","message":"Failed to save event","timestamp":"2024-12-06T01:24:45.752Z"}
{"error":"SQLITE_ERROR: table security_events has no column named severity","event":{"event":"add","path":"src/public/index.html","severity":"info","timestamp":"2024-12-06T01:24:45.721Z","type":"file"},"level":"error","message":"Failed to save event","timestamp":"2024-12-06T01:24:45.752Z"}
{"error":"SQLITE_ERROR: table security_events has no column named severity","event":{"event":"add","path":"src/routes/api.js","severity":"info","timestamp":"2024-12-06T01:24:45.722Z","type":"file"},"level":"error","message":"Failed to save event","timestamp":"2024-12-06T01:24:45.753Z"}
{"error":"SQLITE_ERROR: table security_events has no column named severity","event":{"event":"add","path":"src/utils/database.js","severity":"info","timestamp":"2024-12-06T01:24:45.724Z","type":"file"},"level":"error","message":"Failed to save event","timestamp":"2024-12-06T01:24:45.754Z"}
{"error":"SQLITE_ERROR: table security_events has no column named severity","event":{"event":"add","path":"src/monitors/httpMonitor.js","severity":"info","timestamp":"2024-12-06T01:24:45.726Z","type":"file"},"level":"error","message":"Failed to save event","timestamp":"2024-12-06T01:24:45.756Z"}
{"error":"SQLITE_ERROR: table security_events has no column named severity","event":{"event":"add","path":"src/utils/logger.js","severity":"info","timestamp":"2024-12-06T01:24:45.727Z","type":"file"},"level":"error","message":"Failed to save event","timestamp":"2024-12-06T01:24:45.757Z"}
{"error":"SQLITE_ERROR: table security_events has no column named severity","event":"add","level":"error","message":"Error handling file event","path":"src/config/constants.js","timestamp":"2024-12-06T01:24:45.758Z"}
{"error":"SQLITE_ERROR: table security_events has no column named severity","event":"add","level":"error","message":"Error handling file event","path":"src/monitors/fileWatcher.js","timestamp":"2024-12-06T01:24:45.759Z"}
{"error":"SQLITE_ERROR: table security_events has no column named severity","event":"add","level":"error","message":"Error handling file event","path":"src/public/index.html","timestamp":"2024-12-06T01:24:45.759Z"}
{"error":"SQLITE_ERROR: table security_events has no column named severity","event":"add","level":"error","message":"Error handling file event","path":"src/routes/api.js","timestamp":"2024-12-06T01:24:45.759Z"}
{"error":"SQLITE_ERROR: table security_events has no column named severity","event":"add","level":"error","message":"Error handling file event","path":"src/utils/database.js","timestamp":"2024-12-06T01:24:45.759Z"}
{"error":"SQLITE_ERROR: table security_events has no column named severity","event":"add","level":"error","message":"Error handling file event","path":"src/monitors/httpMonitor.js","timestamp":"2024-12-06T01:24:45.759Z"}
{"error":"SQLITE_ERROR: table security_events has no column named severity","event":"add","level":"error","message":"Error handling file event","path":"src/utils/logger.js","timestamp":"2024-12-06T01:24:45.760Z"}
{"level":"info","message":"Client connected to dashboard","timestamp":"2024-12-06T01:24:45.803Z"}
{"level":"info","message":"Client connected to dashboard","timestamp":"2024-12-06T01:31:18.819Z"}
{"level":"info","message":"Client connected to dashboard","timestamp":"2024-12-06T01:31:22.337Z"}
{"level":"info","message":"Client disconnected from dashboard","timestamp":"2024-12-06T01:31:46.709Z"}
{"level":"info","message":"Client disconnected from dashboard","timestamp":"2024-12-06T01:32:03.819Z"}
{"level":"info","message":"File change detected","path":"package.json","timestamp":"2024-12-06T01:34:25.800Z"}
{"error":"SQLITE_ERROR: table security_events has no column named severity","event":{"event":"change","path":"package.json","severity":"info","timestamp":"2024-12-06T01:34:25.800Z","type":"file"},"level":"error","message":"Failed to save event","timestamp":"2024-12-06T01:34:25.815Z"}
{"error":"SQLITE_ERROR: table security_events has no column named severity","event":"change","level":"error","message":"Error handling file event","path":"package.json","timestamp":"2024-12-06T01:34:25.816Z"}
{"level":"info","message":"Database initialized successfully","timestamp":"2024-12-06T01:35:31.662Z"}
{"level":"info","message":"Starting automated security tests","timestamp":"2024-12-06T01:35:31.701Z"}
{"interval":"30 seconds","level":"info","message":"Automated testing scheduled","timestamp":"2024-12-06T01:35:31.703Z"}
{"level":"info","message":"Security monitoring server running on port 3000","timestamp":"2024-12-06T01:35:31.713Z"}
{"dir":"./temp-test","level":"info","message":"Test directory created","timestamp":"2024-12-06T01:35:31.719Z"}
{"file":"temp-test/test.txt","level":"info","message":"Test file created","timestamp":"2024-12-06T01:35:31.789Z"}
{"file":"temp-test/test.txt","level":"info","message":"Test file modified","timestamp":"2024-12-06T01:35:31.840Z"}
{"level":"info","message":"File add detected","path":"index.js","timestamp":"2024-12-06T01:35:31.844Z"}
{"level":"info","message":"File add detected","path":"package-lock.json","timestamp":"2024-12-06T01:35:31.847Z"}
{"level":"info","message":"File add detected","path":"package.json","timestamp":"2024-12-06T01:35:31.847Z"}
{"file":"temp-test/test.txt","level":"info","message":"Test file permissions changed","timestamp":"2024-12-06T01:35:31.847Z"}
{"duration":24,"level":"warn","message":"Suspicious HTTP activity detected","method":"GET","path":"/admin.php","severity":"warning","statusCode":404,"timestamp":"2024-12-06T01:35:31.861Z","type":"http","userAgent":{"browser":"unknown","geoIp":{},"isAlamoFire":false,"isAmaya":false,"isAndroid":false,"isAndroidNative":false,"isAndroidTablet":false,"isAuthoritative":true,"isBada":false,"isBlackberry":false,"isBot":false,"isCaptive":false,"isChrome":false,"isChromeOS":false,"isCurl":false,"isDesktop":false,"isEdge":false,"isElectron":false,"isEpiphany":false,"isFacebook":false,"isFirefox":false,"isFlock":false,"isIE":false,"isIECompatibilityMode":false,"isKindleFire":false,"isKonqueror":false,"isLinux":false,"isLinux64":false,"isMac":false,"isMobile":false,"isMobileNative":false,"isOmniWeb":false,"isOpera":false,"isPhantomJS":false,"isRaspberry":false,"isSafari":false,"isSamsung":false,"isSeaMonkey":false,"isSilk":false,"isSmartTV":false,"isTablet":false,"isUC":false,"isWebkit":false,"isWechat":false,"isWinJs":false,"isWindows":false,"isYaBrowser":false,"isiPad":false,"isiPhone":false,"isiPhoneNative":false,"isiPod":false,"os":"unknown","platform":"unknown","silkAccelerated":false,"source":"node-fetch","version":"unknown"}}
{"error":"Unimplemented","event":{"duration":24,"method":"GET","path":"/admin.php","severity":"warning","statusCode":404,"timestamp":"2024-12-06T01:35:31.861Z","type":"http","userAgent":{"browser":"unknown","geoIp":{},"isAlamoFire":false,"isAmaya":false,"isAndroid":false,"isAndroidNative":false,"isAndroidTablet":false,"isAuthoritative":true,"isBada":false,"isBlackberry":false,"isBot":false,"isCaptive":false,"isChrome":false,"isChromeOS":false,"isCurl":false,"isDesktop":false,"isEdge":false,"isElectron":false,"isEpiphany":false,"isFacebook":false,"isFirefox":false,"isFlock":false,"isIE":false,"isIECompatibilityMode":false,"isKindleFire":false,"isKonqueror":false,"isLinux":false,"isLinux64":false,"isMac":false,"isMobile":false,"isMobileNative":false,"isOmniWeb":false,"isOpera":false,"isPhantomJS":false,"isRaspberry":false,"isSafari":false,"isSamsung":false,"isSeaMonkey":false,"isSilk":false,"isSmartTV":false,"isTablet":false,"isUC":false,"isWebkit":false,"isWechat":false,"isWinJs":false,"isWindows":false,"isYaBrowser":false,"isiPad":false,"isiPhone":false,"isiPhoneNative":false,"isiPod":false,"os":"unknown","platform":"unknown","silkAccelerated":false,"source":"node-fetch","version":"unknown"}},"level":"error","message":"Failed to save event","timestamp":"2024-12-06T01:35:31.863Z"}
{"file":"temp-test/test.txt","level":"info","message":"Test file deleted","timestamp":"2024-12-06T01:35:31.881Z"}
{"level":"info","message":"HTTP test completed","method":"GET","path":"/admin.php","status":404,"timestamp":"2024-12-06T01:35:31.914Z"}
{"level":"info","message":"File add detected","path":"src/index.js","timestamp":"2024-12-06T01:35:31.979Z"}
{"level":"info","message":"HTTP test completed","method":"POST","path":"/wp-login.php","status":400,"timestamp":"2024-12-06T01:35:32.017Z"}
{"error":"Invalid URL","level":"error","message":"HTTP test failed","path":"../../../etc/passwd","timestamp":"2024-12-06T01:35:32.019Z"}
{"level":"info","message":"File add detected","path":"src/config/constants.js","timestamp":"2024-12-06T01:35:32.092Z"}
{"level":"info","message":"File add detected","path":"src/monitors/fileWatcher.js","timestamp":"2024-12-06T01:35:32.098Z"}
{"level":"info","message":"File add detected","path":"src/public/index.html","timestamp":"2024-12-06T01:35:32.105Z"}
{"level":"info","message":"File add detected","path":"src/routes/api.js","timestamp":"2024-12-06T01:35:32.109Z"}
{"level":"info","message":"File add detected","path":"src/tests/fileSystemTests.js","timestamp":"2024-12-06T01:35:32.111Z"}
{"level":"info","message":"File add detected","path":"src/utils/database.js","timestamp":"2024-12-06T01:35:32.115Z"}
{"level":"info","message":"File add detected","path":"src/monitors/httpMonitor.js","timestamp":"2024-12-06T01:35:32.117Z"}
{"level":"info","message":"File add detected","path":"src/tests/httpTests.js","timestamp":"2024-12-06T01:35:32.121Z"}
{"level":"info","message":"File add detected","path":"src/utils/logger.js","timestamp":"2024-12-06T01:35:32.123Z"}
{"level":"info","message":"File add detected","path":"src/tests/runner.js","timestamp":"2024-12-06T01:35:32.124Z"}
{"duration":174,"level":"warn","message":"Suspicious HTTP activity detected","method":"GET","path":"/api/users","severity":"warning","statusCode":404,"timestamp":"2024-12-06T01:35:32.257Z","type":"http","userAgent":{"browser":"SQLMap","geoIp":{},"isAlamoFire":false,"isAmaya":false,"isAndroid":false,"isAndroidNative":false,"isAndroidTablet":false,"isAuthoritative":false,"isBada":false,"isBlackberry":false,"isBot":false,"isCaptive":false,"isChrome":false,"isChromeOS":false,"isCurl":false,"isDesktop":false,"isEdge":false,"isElectron":false,"isEpiphany":false,"isFacebook":false,"isFirefox":false,"isFlock":false,"isIE":false,"isIECompatibilityMode":false,"isKindleFire":false,"isKonqueror":false,"isLinux":false,"isLinux64":false,"isMac":false,"isMobile":false,"isMobileNative":false,"isOmniWeb":false,"isOpera":false,"isPhantomJS":false,"isRaspberry":false,"isSafari":false,"isSamsung":false,"isSeaMonkey":false,"isSilk":false,"isSmartTV":false,"isTablet":false,"isUC":false,"isWebkit":false,"isWechat":false,"isWinJs":false,"isWindows":false,"isYaBrowser":false,"isiPad":false,"isiPhone":false,"isiPhoneNative":false,"isiPod":false,"os":"unknown","platform":"unknown","silkAccelerated":false,"source":"SQLMap/1.4","version":"1.4"}}
{"error":"Unimplemented","event":{"duration":174,"method":"GET","path":"/api/users","severity":"warning","statusCode":404,"timestamp":"2024-12-06T01:35:32.257Z","type":"http","userAgent":{"browser":"SQLMap","geoIp":{},"isAlamoFire":false,"isAmaya":false,"isAndroid":false,"isAndroidNative":false,"isAndroidTablet":false,"isAuthoritative":false,"isBada":false,"isBlackberry":false,"isBot":false,"isCaptive":false,"isChrome":false,"isChromeOS":false,"isCurl":false,"isDesktop":false,"isEdge":false,"isElectron":false,"isEpiphany":false,"isFacebook":false,"isFirefox":false,"isFlock":false,"isIE":false,"isIECompatibilityMode":false,"isKindleFire":false,"isKonqueror":false,"isLinux":false,"isLinux64":false,"isMac":false,"isMobile":false,"isMobileNative":false,"isOmniWeb":false,"isOpera":false,"isPhantomJS":false,"isRaspberry":false,"isSafari":false,"isSamsung":false,"isSeaMonkey":false,"isSilk":false,"isSmartTV":false,"isTablet":false,"isUC":false,"isWebkit":false,"isWechat":false,"isWinJs":false,"isWindows":false,"isYaBrowser":false,"isiPad":false,"isiPhone":false,"isiPhoneNative":false,"isiPod":false,"os":"unknown","platform":"unknown","silkAccelerated":false,"source":"SQLMap/1.4","version":"1.4"}},"level":"error","message":"Failed to save event","timestamp":"2024-12-06T01:35:32.260Z"}
{"level":"info","message":"HTTP test completed","method":"GET","path":"/api/users","status":404,"timestamp":"2024-12-06T01:35:32.288Z"}
{"level":"info","message":"Client connected to dashboard","timestamp":"2024-12-06T01:35:32.314Z"}
{"level":"info","message":"Test directory cleaned up","timestamp":"2024-12-06T01:35:32.326Z"}
{"level":"info","message":"Security tests completed","timestamp":"2024-12-06T01:35:32.328Z"}
{"level":"info","message":"Starting automated security tests","timestamp":"2024-12-06T01:36:01.715Z"}
{"dir":"./temp-test","level":"info","message":"Test directory created","timestamp":"2024-12-06T01:36:01.722Z"}
{"file":"temp-test/test.txt","level":"info","message":"Test file created","timestamp":"2024-12-06T01:36:01.734Z"}
{"file":"temp-test/test.txt","level":"info","message":"Test file modified","timestamp":"2024-12-06T01:36:01.750Z"}
{"duration":6,"level":"warn","message":"Suspicious HTTP activity detected","method":"GET","path":"/admin.php","severity":"warning","statusCode":404,"timestamp":"2024-12-06T01:36:01.755Z","type":"http","userAgent":{"browser":"unknown","geoIp":{},"isAlamoFire":false,"isAmaya":false,"isAndroid":false,"isAndroidNative":false,"isAndroidTablet":false,"isAuthoritative":true,"isBada":false,"isBlackberry":false,"isBot":false,"isCaptive":false,"isChrome":false,"isChromeOS":false,"isCurl":false,"isDesktop":false,"isEdge":false,"isElectron":false,"isEpiphany":false,"isFacebook":false,"isFirefox":false,"isFlock":false,"isIE":false,"isIECompatibilityMode":false,"isKindleFire":false,"isKonqueror":false,"isLinux":false,"isLinux64":false,"isMac":false,"isMobile":false,"isMobileNative":false,"isOmniWeb":false,"isOpera":false,"isPhantomJS":false,"isRaspberry":false,"isSafari":false,"isSamsung":false,"isSeaMonkey":false,"isSilk":false,"isSmartTV":false,"isTablet":false,"isUC":false,"isWebkit":false,"isWechat":false,"isWinJs":false,"isWindows":false,"isYaBrowser":false,"isiPad":false,"isiPhone":false,"isiPhoneNative":false,"isiPod":false,"os":"unknown","platform":"unknown","silkAccelerated":false,"source":"node-fetch","version":"unknown"}}
{"error":"Unimplemented","event":{"duration":6,"method":"GET","path":"/admin.php","severity":"warning","statusCode":404,"timestamp":"2024-12-06T01:36:01.755Z","type":"http","userAgent":{"browser":"unknown","geoIp":{},"isAlamoFire":false,"isAmaya":false,"isAndroid":false,"isAndroidNative":false,"isAndroidTablet":false,"isAuthoritative":true,"isBada":false,"isBlackberry":false,"isBot":false,"isCaptive":false,"isChrome":false,"isChromeOS":false,"isCurl":false,"isDesktop":false,"isEdge":false,"isElectron":false,"isEpiphany":false,"isFacebook":false,"isFirefox":false,"isFlock":false,"isIE":false,"isIECompatibilityMode":false,"isKindleFire":false,"isKonqueror":false,"isLinux":false,"isLinux64":false,"isMac":false,"isMobile":false,"isMobileNative":false,"isOmniWeb":false,"isOpera":false,"isPhantomJS":false,"isRaspberry":false,"isSafari":false,"isSamsung":false,"isSeaMonkey":false,"isSilk":false,"isSmartTV":false,"isTablet":false,"isUC":false,"isWebkit":false,"isWechat":false,"isWinJs":false,"isWindows":false,"isYaBrowser":false,"isiPad":false,"isiPhone":false,"isiPhoneNative":false,"isiPod":false,"os":"unknown","platform":"unknown","silkAccelerated":false,"source":"node-fetch","version":"unknown"}},"level":"error","message":"Failed to save event","timestamp":"2024-12-06T01:36:01.757Z"}
{"file":"temp-test/test.txt","level":"info","message":"Test file permissions changed","timestamp":"2024-12-06T01:36:01.763Z"}
{"level":"info","message":"HTTP test completed","method":"GET","path":"/admin.php","status":404,"timestamp":"2024-12-06T01:36:01.774Z"}
{"file":"temp-test/test.txt","level":"info","message":"Test file deleted","timestamp":"2024-12-06T01:36:01.782Z"}
{"level":"info","message":"HTTP test completed","method":"POST","path":"/wp-login.php","status":400,"timestamp":"2024-12-06T01:36:01.809Z"}
{"error":"Invalid URL","level":"error","message":"HTTP test failed","path":"../../../etc/passwd","timestamp":"2024-12-06T01:36:01.811Z"}
{"duration":3,"level":"warn","message":"Suspicious HTTP activity detected","method":"GET","path":"/api/users","severity":"warning","statusCode":404,"timestamp":"2024-12-06T01:36:01.836Z","type":"http","userAgent":{"browser":"SQLMap","geoIp":{},"isAlamoFire":false,"isAmaya":false,"isAndroid":false,"isAndroidNative":false,"isAndroidTablet":false,"isAuthoritative":false,"isBada":false,"isBlackberry":false,"isBot":false,"isCaptive":false,"isChrome":false,"isChromeOS":false,"isCurl":false,"isDesktop":false,"isEdge":false,"isElectron":false,"isEpiphany":false,"isFacebook":false,"isFirefox":false,"isFlock":false,"isIE":false,"isIECompatibilityMode":false,"isKindleFire":false,"isKonqueror":false,"isLinux":false,"isLinux64":false,"isMac":false,"isMobile":false,"isMobileNative":false,"isOmniWeb":false,"isOpera":false,"isPhantomJS":false,"isRaspberry":false,"isSafari":false,"isSamsung":false,"isSeaMonkey":false,"isSilk":false,"isSmartTV":false,"isTablet":false,"isUC":false,"isWebkit":false,"isWechat":false,"isWinJs":false,"isWindows":false,"isYaBrowser":false,"isiPad":false,"isiPhone":false,"isiPhoneNative":false,"isiPod":false,"os":"unknown","platform":"unknown","silkAccelerated":false,"source":"SQLMap/1.4","version":"1.4"}}
{"error":"Unimplemented","event":{"duration":3,"method":"GET","path":"/api/users","severity":"warning","statusCode":404,"timestamp":"2024-12-06T01:36:01.836Z","type":"http","userAgent":{"browser":"SQLMap","geoIp":{},"isAlamoFire":false,"isAmaya":false,"isAndroid":false,"isAndroidNative":false,"isAndroidTablet":false,"isAuthoritative":false,"isBada":false,"isBlackberry":false,"isBot":false,"isCaptive":false,"isChrome":false,"isChromeOS":false,"isCurl":false,"isDesktop":false,"isEdge":false,"isElectron":false,"isEpiphany":false,"isFacebook":false,"isFirefox":false,"isFlock":false,"isIE":false,"isIECompatibilityMode":false,"isKindleFire":false,"isKonqueror":false,"isLinux":false,"isLinux64":false,"isMac":false,"isMobile":false,"isMobileNative":false,"isOmniWeb":false,"isOpera":false,"isPhantomJS":false,"isRaspberry":false,"isSafari":false,"isSamsung":false,"isSeaMonkey":false,"isSilk":false,"isSmartTV":false,"isTablet":false,"isUC":false,"isWebkit":false,"isWechat":false,"isWinJs":false,"isWindows":false,"isYaBrowser":false,"isiPad":false,"isiPhone":false,"isiPhoneNative":false,"isiPod":false,"os":"unknown","platform":"unknown","silkAccelerated":false,"source":"SQLMap/1.4","version":"1.4"}},"level":"error","message":"Failed to save event","timestamp":"2024-12-06T01:36:01.838Z"}
{"level":"info","message":"HTTP test completed","method":"GET","path":"/api/users","status":404,"timestamp":"2024-12-06T01:36:01.847Z"}
{"level":"info","message":"Test directory cleaned up","timestamp":"2024-12-06T01:36:01.859Z"}
{"level":"info","message":"Security tests completed","timestamp":"2024-12-06T01:36:01.861Z"}
{"level":"info","message":"Starting automated security tests","timestamp":"2024-12-06T01:36:31.716Z"}
{"dir":"./temp-test","level":"info","message":"Test directory created","timestamp":"2024-12-06T01:36:31.724Z"}
{"file":"temp-test/test.txt","level":"info","message":"Test file created","timestamp":"2024-12-06T01:36:31.751Z"}
{"file":"temp-test/test.txt","level":"info","message":"Test file modified","timestamp":"2024-12-06T01:36:31.780Z"}
{"file":"temp-test/test.txt","level":"info","message":"Test file permissions changed","timestamp":"2024-12-06T01:36:31.789Z"}
{"file":"temp-test/test.txt","level":"info","message":"Test file deleted","timestamp":"2024-12-06T01:36:31.797Z"}
{"duration":12,"level":"warn","message":"Suspicious HTTP activity detected","method":"GET","path":"/admin.php","severity":"warning","statusCode":404,"timestamp":"2024-12-06T01:36:31.801Z","type":"http","userAgent":{"browser":"unknown","geoIp":{},"isAlamoFire":false,"isAmaya":false,"isAndroid":false,"isAndroidNative":false,"isAndroidTablet":false,"isAuthoritative":true,"isBada":false,"isBlackberry":false,"isBot":false,"isCaptive":false,"isChrome":false,"isChromeOS":false,"isCurl":false,"isDesktop":false,"isEdge":false,"isElectron":false,"isEpiphany":false,"isFacebook":false,"isFirefox":false,"isFlock":false,"isIE":false,"isIECompatibilityMode":false,"isKindleFire":false,"isKonqueror":false,"isLinux":false,"isLinux64":false,"isMac":false,"isMobile":false,"isMobileNative":false,"isOmniWeb":false,"isOpera":false,"isPhantomJS":false,"isRaspberry":false,"isSafari":false,"isSamsung":false,"isSeaMonkey":false,"isSilk":false,"isSmartTV":false,"isTablet":false,"isUC":false,"isWebkit":false,"isWechat":false,"isWinJs":false,"isWindows":false,"isYaBrowser":false,"isiPad":false,"isiPhone":false,"isiPhoneNative":false,"isiPod":false,"os":"unknown","platform":"unknown","silkAccelerated":false,"source":"node-fetch","version":"unknown"}}
{"error":"Unimplemented","event":{"duration":12,"method":"GET","path":"/admin.php","severity":"warning","statusCode":404,"timestamp":"2024-12-06T01:36:31.801Z","type":"http","userAgent":{"browser":"unknown","geoIp":{},"isAlamoFire":false,"isAmaya":false,"isAndroid":false,"isAndroidNative":false,"isAndroidTablet":false,"isAuthoritative":true,"isBada":false,"isBlackberry":false,"isBot":false,"isCaptive":false,"isChrome":false,"isChromeOS":false,"isCurl":false,"isDesktop":false,"isEdge":false,"isElectron":false,"isEpiphany":false,"isFacebook":false,"isFirefox":false,"isFlock":false,"isIE":false,"isIECompatibilityMode":false,"isKindleFire":false,"isKonqueror":false,"isLinux":false,"isLinux64":false,"isMac":false,"isMobile":false,"isMobileNative":false,"isOmniWeb":false,"isOpera":false,"isPhantomJS":false,"isRaspberry":false,"isSafari":false,"isSamsung":false,"isSeaMonkey":false,"isSilk":false,"isSmartTV":false,"isTablet":false,"isUC":false,"isWebkit":false,"isWechat":false,"isWinJs":false,"isWindows":false,"isYaBrowser":false,"isiPad":false,"isiPhone":false,"isiPhoneNative":false,"isiPod":false,"os":"unknown","platform":"unknown","silkAccelerated":false,"source":"node-fetch","version":"unknown"}},"level":"error","message":"Failed to save event","timestamp":"2024-12-06T01:36:31.802Z"}
{"level":"info","message":"HTTP test completed","method":"GET","path":"/admin.php","status":404,"timestamp":"2024-12-06T01:36:31.813Z"}
{"level":"info","message":"HTTP test completed","method":"POST","path":"/wp-login.php","status":400,"timestamp":"2024-12-06T01:36:31.843Z"}
{"error":"Invalid URL","level":"error","message":"HTTP test failed","path":"../../../etc/passwd","timestamp":"2024-12-06T01:36:31.844Z"}
{"duration":3,"level":"warn","message":"Suspicious HTTP activity detected","method":"GET","path":"/api/users","severity":"warning","statusCode":404,"timestamp":"2024-12-06T01:36:31.867Z","type":"http","userAgent":{"browser":"SQLMap","geoIp":{},"isAlamoFire":false,"isAmaya":false,"isAndroid":false,"isAndroidNative":false,"isAndroidTablet":false,"isAuthoritative":false,"isBada":false,"isBlackberry":false,"isBot":false,"isCaptive":false,"isChrome":false,"isChromeOS":false,"isCurl":false,"isDesktop":false,"isEdge":false,"isElectron":false,"isEpiphany":false,"isFacebook":false,"isFirefox":false,"isFlock":false,"isIE":false,"isIECompatibilityMode":false,"isKindleFire":false,"isKonqueror":false,"isLinux":false,"isLinux64":false,"isMac":false,"isMobile":false,"isMobileNative":false,"isOmniWeb":false,"isOpera":false,"isPhantomJS":false,"isRaspberry":false,"isSafari":false,"isSamsung":false,"isSeaMonkey":false,"isSilk":false,"isSmartTV":false,"isTablet":false,"isUC":false,"isWebkit":false,"isWechat":false,"isWinJs":false,"isWindows":false,"isYaBrowser":false,"isiPad":false,"isiPhone":false,"isiPhoneNative":false,"isiPod":false,"os":"unknown","platform":"unknown","silkAccelerated":false,"source":"SQLMap/1.4","version":"1.4"}}
{"error":"Unimplemented","event":{"duration":3,"method":"GET","path":"/api/users","severity":"warning","statusCode":404,"timestamp":"2024-12-06T01:36:31.867Z","type":"http","userAgent":{"browser":"SQLMap","geoIp":{},"isAlamoFire":false,"isAmaya":false,"isAndroid":false,"isAndroidNative":false,"isAndroidTablet":false,"isAuthoritative":false,"isBada":false,"isBlackberry":false,"isBot":false,"isCaptive":false,"isChrome":false,"isChromeOS":false,"isCurl":false,"isDesktop":false,"isEdge":false,"isElectron":false,"isEpiphany":false,"isFacebook":false,"isFirefox":false,"isFlock":false,"isIE":false,"isIECompatibilityMode":false,"isKindleFire":false,"isKonqueror":false,"isLinux":false,"isLinux64":false,"isMac":false,"isMobile":false,"isMobileNative":false,"isOmniWeb":false,"isOpera":false,"isPhantomJS":false,"isRaspberry":false,"isSafari":false,"isSamsung":false,"isSeaMonkey":false,"isSilk":false,"isSmartTV":false,"isTablet":false,"isUC":false,"isWebkit":false,"isWechat":false,"isWinJs":false,"isWindows":false,"isYaBrowser":false,"isiPad":false,"isiPhone":false,"isiPhoneNative":false,"isiPod":false,"os":"unknown","platform":"unknown","silkAccelerated":false,"source":"SQLMap/1.4","version":"1.4"}},"level":"error","message":"Failed to save event","timestamp":"2024-12-06T01:36:31.870Z"}
{"level":"info","message":"HTTP test completed","method":"GET","path":"/api/users","status":404,"timestamp":"2024-12-06T01:36:31.883Z"}
{"level":"info","message":"Test directory cleaned up","timestamp":"2024-12-06T01:36:31.892Z"}
{"level":"info","message":"Security tests completed","timestamp":"2024-12-06T01:36:31.894Z"}
{"level":"info","message":"Starting automated security tests","timestamp":"2024-12-06T01:37:01.725Z"}
{"dir":"./temp-test","level":"info","message":"Test directory created","timestamp":"2024-12-06T01:37:01.731Z"}
{"file":"temp-test/test.txt","level":"info","message":"Test file created","timestamp":"2024-12-06T01:37:01.746Z"}
{"file":"temp-test/test.txt","level":"info","message":"Test file modified","timestamp":"2024-12-06T01:37:01.764Z"}
{"file":"temp-test/test.txt","level":"info","message":"Test file permissions changed","timestamp":"2024-12-06T01:37:01.777Z"}
{"file":"temp-test/test.txt","level":"info","message":"Test file deleted","timestamp":"2024-12-06T01:37:01.788Z"}
{"duration":34,"level":"warn","message":"Suspicious HTTP activity detected","method":"GET","path":"/admin.php","severity":"warning","statusCode":404,"timestamp":"2024-12-06T01:37:01.798Z","type":"http","userAgent":{"browser":"unknown","geoIp":{},"isAlamoFire":false,"isAmaya":false,"isAndroid":false,"isAndroidNative":false,"isAndroidTablet":false,"isAuthoritative":true,"isBada":false,"isBlackberry":false,"isBot":false,"isCaptive":false,"isChrome":false,"isChromeOS":false,"isCurl":false,"isDesktop":false,"isEdge":false,"isElectron":false,"isEpiphany":false,"isFacebook":false,"isFirefox":false,"isFlock":false,"isIE":false,"isIECompatibilityMode":false,"isKindleFire":false,"isKonqueror":false,"isLinux":false,"isLinux64":false,"isMac":false,"isMobile":false,"isMobileNative":false,"isOmniWeb":false,"isOpera":false,"isPhantomJS":false,"isRaspberry":false,"isSafari":false,"isSamsung":false,"isSeaMonkey":false,"isSilk":false,"isSmartTV":false,"isTablet":false,"isUC":false,"isWebkit":false,"isWechat":false,"isWinJs":false,"isWindows":false,"isYaBrowser":false,"isiPad":false,"isiPhone":false,"isiPhoneNative":false,"isiPod":false,"os":"unknown","platform":"unknown","silkAccelerated":false,"source":"node-fetch","version":"unknown"}}
{"error":"Unimplemented","event":{"duration":34,"method":"GET","path":"/admin.php","severity":"warning","statusCode":404,"timestamp":"2024-12-06T01:37:01.798Z","type":"http","userAgent":{"browser":"unknown","geoIp":{},"isAlamoFire":false,"isAmaya":false,"isAndroid":false,"isAndroidNative":false,"isAndroidTablet":false,"isAuthoritative":true,"isBada":false,"isBlackberry":false,"isBot":false,"isCaptive":false,"isChrome":false,"isChromeOS":false,"isCurl":false,"isDesktop":false,"isEdge":false,"isElectron":false,"isEpiphany":false,"isFacebook":false,"isFirefox":false,"isFlock":false,"isIE":false,"isIECompatibilityMode":false,"isKindleFire":false,"isKonqueror":false,"isLinux":false,"isLinux64":false,"isMac":false,"isMobile":false,"isMobileNative":false,"isOmniWeb":false,"isOpera":false,"isPhantomJS":false,"isRaspberry":false,"isSafari":false,"isSamsung":false,"isSeaMonkey":false,"isSilk":false,"isSmartTV":false,"isTablet":false,"isUC":false,"isWebkit":false,"isWechat":false,"isWinJs":false,"isWindows":false,"isYaBrowser":false,"isiPad":false,"isiPhone":false,"isiPhoneNative":false,"isiPod":false,"os":"unknown","platform":"unknown","silkAccelerated":false,"source":"node-fetch","version":"unknown"}},"level":"error","message":"Failed to save event","timestamp":"2024-12-06T01:37:01.801Z"}
{"level":"info","message":"HTTP test completed","method":"GET","path":"/admin.php","status":404,"timestamp":"2024-12-06T01:37:01.821Z"}
{"level":"info","message":"HTTP test completed","method":"POST","path":"/wp-login.php","status":400,"timestamp":"2024-12-06T01:37:01.866Z"}
{"error":"Invalid URL","level":"error","message":"HTTP test failed","path":"../../../etc/passwd","timestamp":"2024-12-06T01:37:01.869Z"}
{"duration":12,"level":"warn","message":"Suspicious HTTP activity detected","method":"GET","path":"/api/users","severity":"warning","statusCode":404,"timestamp":"2024-12-06T01:37:01.934Z","type":"http","userAgent":{"browser":"SQLMap","geoIp":{},"isAlamoFire":false,"isAmaya":false,"isAndroid":false,"isAndroidNative":false,"isAndroidTablet":false,"isAuthoritative":false,"isBada":false,"isBlackberry":false,"isBot":false,"isCaptive":false,"isChrome":false,"isChromeOS":false,"isCurl":false,"isDesktop":false,"isEdge":false,"isElectron":false,"isEpiphany":false,"isFacebook":false,"isFirefox":false,"isFlock":false,"isIE":false,"isIECompatibilityMode":false,"isKindleFire":false,"isKonqueror":false,"isLinux":false,"isLinux64":false,"isMac":false,"isMobile":false,"isMobileNative":false,"isOmniWeb":false,"isOpera":false,"isPhantomJS":false,"isRaspberry":false,"isSafari":false,"isSamsung":false,"isSeaMonkey":false,"isSilk":false,"isSmartTV":false,"isTablet":false,"isUC":false,"isWebkit":false,"isWechat":false,"isWinJs":false,"isWindows":false,"isYaBrowser":false,"isiPad":false,"isiPhone":false,"isiPhoneNative":false,"isiPod":false,"os":"unknown","platform":"unknown","silkAccelerated":false,"source":"SQLMap/1.4","version":"1.4"}}
{"error":"Unimplemented","event":{"duration":12,"method":"GET","path":"/api/users","severity":"warning","statusCode":404,"timestamp":"2024-12-06T01:37:01.934Z","type":"http","userAgent":{"browser":"SQLMap","geoIp":{},"isAlamoFire":false,"isAmaya":false,"isAndroid":false,"isAndroidNative":false,"isAndroidTablet":false,"isAuthoritative":false,"isBada":false,"isBlackberry":false,"isBot":false,"isCaptive":false,"isChrome":false,"isChromeOS":false,"isCurl":false,"isDesktop":false,"isEdge":false,"isElectron":false,"isEpiphany":false,"isFacebook":false,"isFirefox":false,"isFlock":false,"isIE":false,"isIECompatibilityMode":false,"isKindleFire":false,"isKonqueror":false,"isLinux":false,"isLinux64":false,"isMac":false,"isMobile":false,"isMobileNative":false,"isOmniWeb":false,"isOpera":false,"isPhantomJS":false,"isRaspberry":false,"isSafari":false,"isSamsung":false,"isSeaMonkey":false,"isSilk":false,"isSmartTV":false,"isTablet":false,"isUC":false,"isWebkit":false,"isWechat":false,"isWinJs":false,"isWindows":false,"isYaBrowser":false,"isiPad":false,"isiPhone":false,"isiPhoneNative":false,"isiPod":false,"os":"unknown","platform":"unknown","silkAccelerated":false,"source":"SQLMap/1.4","version":"1.4"}},"level":"error","message":"Failed to save event","timestamp":"2024-12-06T01:37:01.935Z"}
{"level":"info","message":"HTTP test completed","method":"GET","path":"/api/users","status":404,"timestamp":"2024-12-06T01:37:01.959Z"}
{"level":"info","message":"Test directory cleaned up","timestamp":"2024-12-06T01:37:01.968Z"}
{"level":"info","message":"Security tests completed","timestamp":"2024-12-06T01:37:01.969Z"}
{"level":"info","message":"Starting automated security tests","timestamp":"2024-12-06T01:37:31.725Z"}
{"dir":"./temp-test","level":"info","message":"Test directory created","timestamp":"2024-12-06T01:37:31.731Z"}
{"file":"temp-test/test.txt","level":"info","message":"Test file created","timestamp":"2024-12-06T01:37:31.745Z"}
{"duration":3,"level":"warn","message":"Suspicious HTTP activity detected","method":"GET","path":"/admin.php","severity":"warning","statusCode":404,"timestamp":"2024-12-06T01:37:31.754Z","type":"http","userAgent":{"browser":"unknown","geoIp":{},"isAlamoFire":false,"isAmaya":false,"isAndroid":false,"isAndroidNative":false,"isAndroidTablet":false,"isAuthoritative":true,"isBada":false,"isBlackberry":false,"isBot":false,"isCaptive":false,"isChrome":false,"isChromeOS":false,"isCurl":false,"isDesktop":false,"isEdge":false,"isElectron":false,"isEpiphany":false,"isFacebook":false,"isFirefox":false,"isFlock":false,"isIE":false,"isIECompatibilityMode":false,"isKindleFire":false,"isKonqueror":false,"isLinux":false,"isLinux64":false,"isMac":false,"isMobile":false,"isMobileNative":false,"isOmniWeb":false,"isOpera":false,"isPhantomJS":false,"isRaspberry":false,"isSafari":false,"isSamsung":false,"isSeaMonkey":false,"isSilk":false,"isSmartTV":false,"isTablet":false,"isUC":false,"isWebkit":false,"isWechat":false,"isWinJs":false,"isWindows":false,"isYaBrowser":false,"isiPad":false,"isiPhone":false,"isiPhoneNative":false,"isiPod":false,"os":"unknown","platform":"unknown","silkAccelerated":false,"source":"node-fetch","version":"unknown"}}
{"error":"Unimplemented","event":{"duration":3,"method":"GET","path":"/admin.php","severity":"warning","statusCode":404,"timestamp":"2024-12-06T01:37:31.754Z","type":"http","userAgent":{"browser":"unknown","geoIp":{},"isAlamoFire":false,"isAmaya":false,"isAndroid":false,"isAndroidNative":false,"isAndroidTablet":false,"isAuthoritative":true,"isBada":false,"isBlackberry":false,"isBot":false,"isCaptive":false,"isChrome":false,"isChromeOS":false,"isCurl":false,"isDesktop":false,"isEdge":false,"isElectron":false,"isEpiphany":false,"isFacebook":false,"isFirefox":false,"isFlock":false,"isIE":false,"isIECompatibilityMode":false,"isKindleFire":false,"isKonqueror":false,"isLinux":false,"isLinux64":false,"isMac":false,"isMobile":false,"isMobileNative":false,"isOmniWeb":false,"isOpera":false,"isPhantomJS":false,"isRaspberry":false,"isSafari":false,"isSamsung":false,"isSeaMonkey":false,"isSilk":false,"isSmartTV":false,"isTablet":false,"isUC":false,"isWebkit":false,"isWechat":false,"isWinJs":false,"isWindows":false,"isYaBrowser":false,"isiPad":false,"isiPhone":false,"isiPhoneNative":false,"isiPod":false,"os":"unknown","platform":"unknown","silkAccelerated":false,"source":"node-fetch","version":"unknown"}},"level":"error","message":"Failed to save event","timestamp":"2024-12-06T01:37:31.755Z"}
{"file":"temp-test/test.txt","level":"info","message":"Test file modified","timestamp":"2024-12-06T01:37:31.758Z"}
{"level":"info","message":"HTTP test completed","method":"GET","path":"/admin.php","status":404,"timestamp":"2024-12-06T01:37:31.762Z"}
{"file":"temp-test/test.txt","level":"info","message":"Test file permissions changed","timestamp":"2024-12-06T01:37:31.772Z"}
{"file":"temp-test/test.txt","level":"info","message":"Test file deleted","timestamp":"2024-12-06T01:37:31.781Z"}
{"level":"info","message":"HTTP test completed","method":"POST","path":"/wp-login.php","status":400,"timestamp":"2024-12-06T01:37:31.801Z"}
{"error":"Invalid URL","level":"error","message":"HTTP test failed","path":"../../../etc/passwd","timestamp":"2024-12-06T01:37:31.803Z"}
{"duration":1,"level":"warn","message":"Suspicious HTTP activity detected","method":"GET","path":"/api/users","severity":"warning","statusCode":404,"timestamp":"2024-12-06T01:37:31.819Z","type":"http","userAgent":{"browser":"SQLMap","geoIp":{},"isAlamoFire":false,"isAmaya":false,"isAndroid":false,"isAndroidNative":false,"isAndroidTablet":false,"isAuthoritative":false,"isBada":false,"isBlackberry":false,"isBot":false,"isCaptive":false,"isChrome":false,"isChromeOS":false,"isCurl":false,"isDesktop":false,"isEdge":false,"isElectron":false,"isEpiphany":false,"isFacebook":false,"isFirefox":false,"isFlock":false,"isIE":false,"isIECompatibilityMode":false,"isKindleFire":false,"isKonqueror":false,"isLinux":false,"isLinux64":false,"isMac":false,"isMobile":false,"isMobileNative":false,"isOmniWeb":false,"isOpera":false,"isPhantomJS":false,"isRaspberry":false,"isSafari":false,"isSamsung":false,"isSeaMonkey":false,"isSilk":false,"isSmartTV":false,"isTablet":false,"isUC":false,"isWebkit":false,"isWechat":false,"isWinJs":false,"isWindows":false,"isYaBrowser":false,"isiPad":false,"isiPhone":false,"isiPhoneNative":false,"isiPod":false,"os":"unknown","platform":"unknown","silkAccelerated":false,"source":"SQLMap/1.4","version":"1.4"}}
{"error":"Unimplemented","event":{"duration":1,"method":"GET","path":"/api/users","severity":"warning","statusCode":404,"timestamp":"2024-12-06T01:37:31.819Z","type":"http","userAgent":{"browser":"SQLMap","geoIp":{},"isAlamoFire":false,"isAmaya":false,"isAndroid":false,"isAndroidNative":false,"isAndroidTablet":false,"isAuthoritative":false,"isBada":false,"isBlackberry":false,"isBot":false,"isCaptive":false,"isChrome":false,"isChromeOS":false,"isCurl":false,"isDesktop":false,"isEdge":false,"isElectron":false,"isEpiphany":false,"isFacebook":false,"isFirefox":false,"isFlock":false,"isIE":false,"isIECompatibilityMode":false,"isKindleFire":false,"isKonqueror":false,"isLinux":false,"isLinux64":false,"isMac":false,"isMobile":false,"isMobileNative":false,"isOmniWeb":false,"isOpera":false,"isPhantomJS":false,"isRaspberry":false,"isSafari":false,"isSamsung":false,"isSeaMonkey":false,"isSilk":false,"isSmartTV":false,"isTablet":false,"isUC":false,"isWebkit":false,"isWechat":false,"isWinJs":false,"isWindows":false,"isYaBrowser":false,"isiPad":false,"isiPhone":false,"isiPhoneNative":false,"isiPod":false,"os":"unknown","platform":"unknown","silkAccelerated":false,"source":"SQLMap/1.4","version":"1.4"}},"level":"error","message":"Failed to save event","timestamp":"2024-12-06T01:37:31.820Z"}
{"level":"info","message":"HTTP test completed","method":"GET","path":"/api/users","status":404,"timestamp":"2024-12-06T01:37:31.823Z"}
{"level":"info","message":"Test directory cleaned up","timestamp":"2024-12-06T01:37:31.835Z"}
{"level":"info","message":"Security tests completed","timestamp":"2024-12-06T01:37:31.836Z"}
